#
# There is insufficient memory for the Java Runtime Environment to continue.
# Native memory allocation (malloc) failed to allocate 1048576 bytes for AllocateHeap
# Possible reasons:
#   The system is out of physical RAM or swap space
#   In 32 bit mode, the process size limit was hit
# Possible solutions:
#   Reduce memory load on the system
#   Increase physical memory or swap space
#   Check if swap backing store is full
#   Use 64 bit Java on a 64 bit OS
#   Decrease Java heap size (-Xmx/-Xms)
#   Decrease number of Java threads
#   Decrease Java thread stack sizes (-Xss)
#   Set larger code cache with -XX:ReservedCodeCacheSize=
# This output file may be truncated or incomplete.
#
#  Out of Memory Error (memory/allocation.inline.hpp:62), pid=1032, tid=11328
#
# JRE version:  (8.0_11-b12) (build )
# Java VM: Java HotSpot(TM) 64-Bit Server VM (25.11-b03 mixed mode windows-amd64 compressed oops)
# Failed to write core dump. Minidumps are not enabled by default on client versions of Windows
#

---------------  T H R E A D  ---------------

Current thread (0x0000000002762800):  JavaThread "Unknown thread" [_thread_in_vm, id=11328, stack(0x0000000002620000,0x0000000002720000)]

Stack: [0x0000000002620000,0x0000000002720000]
Native frames: (J=compiled Java code, j=interpreted, Vv=VM code, C=native code)
V  [jvm.dll+0x308eca]
V  [jvm.dll+0x25e121]
V  [jvm.dll+0x25ed33]
V  [jvm.dll+0x256705]
V  [jvm.dll+0x25575f]
V  [jvm.dll+0x3c778c]
V  [jvm.dll+0x3c2e57]
V  [jvm.dll+0xe2462]
V  [jvm.dll+0x1f1439]
V  [jvm.dll+0x2229b4]
V  [jvm.dll+0x14a151]
C  [javaw.exe+0x208a]
C  [javaw.exe+0xc9fb]
C  [javaw.exe+0xca8f]
C  [KERNEL32.DLL+0x12774]
C  [ntdll.dll+0x70d51]


---------------  P R O C E S S  ---------------

Java Threads: ( => current thread )

Other Threads:

=>0x0000000002762800 (exited) JavaThread "Unknown thread" [_thread_in_vm, id=11328, stack(0x0000000002620000,0x0000000002720000)]

VM state:not at safepoint (normal execution)

VM Mutex/Monitor currently owned by a thread: None

Heap:
 PSYoungGen      total 1024K, used 20K [0x000000078af80000, 0x000000078b100000, 0x00000007c0000000)
  eden space 512K, 4% used [0x000000078af80000,0x000000078af85288,0x000000078b000000)
  from space 512K, 0% used [0x000000078b080000,0x000000078b080000,0x000000078b100000)
  to   space 512K, 0% used [0x000000078b000000,0x000000078b000000,0x000000078b080000)
 ParOldGen       total 162304K, used 0K [0x0000000720e00000, 0x000000072ac80000, 0x000000078af80000)
  object space 162304K, 0% used [0x0000000720e00000,0x0000000720e00000,0x000000072ac80000)
 Metaspace       used 683K, capacity 4480K, committed 4480K, reserved 1056768K
  class space    used 66K, capacity 384K, committed 384K, reserved 1048576K

Card table byte_map: [0x0000000011c20000,0x0000000012120000] byte_map_base: 0x000000000e319000

Marking Bits: (ParMarkBitMap*) 0x0000000070c612b0
 Begin Bits: [0x0000000012880000, 0x0000000015048000)
 End Bits:   [0x0000000015048000, 0x0000000017810000)

Polling page: 0x0000000002720000

CodeCache: size=245760Kb used=326Kb max_used=326Kb free=245433Kb
 bounds [0x0000000002860000, 0x0000000002ad0000, 0x0000000011860000]
 total_blobs=55 nmethods=0 adapters=37
 compilation: enabled

Compilation events (0 events):
No events

GC Heap History (0 events):
No events

Deoptimization events (0 events):
No events

Internal exceptions (0 events):
No events

Events (10 events):
Event: 0.103 loading class java/lang/Short
Event: 0.104 loading class java/lang/Short done
Event: 0.104 loading class java/lang/Integer
Event: 0.104 loading class java/lang/Integer done
Event: 0.104 loading class java/lang/Long
Event: 0.104 loading class java/lang/Long done
Event: 0.105 loading class java/lang/NullPointerException
Event: 0.105 loading class java/lang/NullPointerException done
Event: 0.105 loading class java/lang/ArithmeticException
Event: 0.105 loading class java/lang/ArithmeticException done


Dynamic libraries:
0x00007ff74af50000 - 0x00007ff74af84000 	C:\Program Files\Java\jdk1.8.0_11\bin\javaw.exe
0x00007ffa4a680000 - 0x00007ffa4a85b000 	C:\WINDOWS\SYSTEM32\ntdll.dll
0x00007ffa1ffb0000 - 0x00007ffa1ffe4000 	C:\Program Files (x86)\AVG\Antivirus\x64\aswhooka.dll
0x00007ffa49da0000 - 0x00007ffa49e4e000 	C:\WINDOWS\System32\KERNEL32.DLL
0x00007ffa47990000 - 0x00007ffa47bd9000 	C:\WINDOWS\System32\KERNELBASE.dll
0x00007ffa47c00000 - 0x00007ffa47ca1000 	C:\WINDOWS\System32\ADVAPI32.dll
0x00007ffa49e50000 - 0x00007ffa49eed000 	C:\WINDOWS\System32\msvcrt.dll
0x00007ffa47f20000 - 0x00007ffa47f79000 	C:\WINDOWS\System32\sechost.dll
0x00007ffa47d90000 - 0x00007ffa47eb5000 	C:\WINDOWS\System32\RPCRT4.dll
0x00007ffa49b30000 - 0x00007ffa49c7a000 	C:\WINDOWS\System32\USER32.dll
0x00007ffa47920000 - 0x00007ffa4793e000 	C:\WINDOWS\System32\win32u.dll
0x00007ffa4a600000 - 0x00007ffa4a627000 	C:\WINDOWS\System32\GDI32.dll
0x00007ffa46ba0000 - 0x00007ffa46d27000 	C:\WINDOWS\System32\gdi32full.dll
0x00007ffa47180000 - 0x00007ffa4721a000 	C:\WINDOWS\System32\msvcp_win.dll
0x00007ffa46fd0000 - 0x00007ffa470c6000 	C:\WINDOWS\System32\ucrtbase.dll
0x00007ffa41e60000 - 0x00007ffa420c7000 	C:\WINDOWS\WinSxS\amd64_microsoft.windows.common-controls_6595b64144ccf1df_6.0.15063.483_none_26002d27e7c744a2\COMCTL32.dll
0x00007ffa497d0000 - 0x00007ffa49ac9000 	C:\WINDOWS\System32\combase.dll
0x00007ffa46d30000 - 0x00007ffa46d9a000 	C:\WINDOWS\System32\bcryptPrimitives.dll
0x00007ffa4a640000 - 0x00007ffa4a66d000 	C:\WINDOWS\System32\IMM32.DLL
0x000000006f250000 - 0x000000006f322000 	C:\Program Files\Java\jdk1.8.0_11\jre\bin\msvcr100.dll
0x00000000704b0000 - 0x0000000070cda000 	C:\Program Files\Java\jdk1.8.0_11\jre\bin\server\jvm.dll
0x00007ffa4a670000 - 0x00007ffa4a678000 	C:\WINDOWS\System32\PSAPI.DLL
0x00007ffa39660000 - 0x00007ffa39669000 	C:\WINDOWS\SYSTEM32\WSOCK32.dll
0x00007ffa495c0000 - 0x00007ffa4962c000 	C:\WINDOWS\System32\WS2_32.dll
0x00007ffa45130000 - 0x00007ffa45153000 	C:\WINDOWS\SYSTEM32\WINMM.dll
0x00007ffa44fa0000 - 0x00007ffa44fcb000 	C:\WINDOWS\SYSTEM32\WINMMBASE.dll
0x00007ffa47940000 - 0x00007ffa47989000 	C:\WINDOWS\System32\cfgmgr32.dll
0x0000000071040000 - 0x000000007104f000 	C:\Program Files\Java\jdk1.8.0_11\jre\bin\verify.dll
0x0000000071010000 - 0x0000000071038000 	C:\Program Files\Java\jdk1.8.0_11\jre\bin\java.dll
0x0000000070e80000 - 0x0000000070eb5000 	C:\Program Files\Java\jdk1.8.0_11\jre\bin\jdwp.dll
0x0000000070fa0000 - 0x0000000070fa8000 	C:\Program Files\Java\jdk1.8.0_11\jre\bin\npt.dll
0x0000000070ff0000 - 0x0000000071006000 	C:\Program Files\Java\jdk1.8.0_11\jre\bin\zip.dll
0x00007ffa32240000 - 0x00007ffa323e9000 	C:\WINDOWS\SYSTEM32\dbghelp.dll

VM Arguments:
jvm_args: -agentlib:jdwp=transport=dt_socket,suspend=y,address=localhost:60041 -Dfile.encoding=Cp1252 
java_command: Connection
java_class_path (initial): C:\Users\arbenit\Desktop\Editer\Github\Discord-Bot\Discord_Bot\target\classes;C:\Users\arbenit\Desktop\Editer\Github\Discord-Bot\Discord_Bot\libs\JDA-3.1.1_222-withDependencies.jar;C:\Users\arbenit\Desktop\Editer\Github\Discord-Bot\Discord_Bot\libs\commons-codec-1.6.jar;C:\Users\arbenit\Desktop\Editer\Github\Discord-Bot\Discord_Bot\libs\commons-logging-1.1.1.jar;C:\Users\arbenit\Desktop\Editer\Github\Discord-Bot\Discord_Bot\libs\httpclient-4.2.5.jar;C:\Users\arbenit\Desktop\Editer\Github\Discord-Bot\Discord_Bot\libs\httpclient-cache-4.2.5.jar;C:\Users\arbenit\Desktop\Editer\Github\Discord-Bot\Discord_Bot\libs\httpcore-4.2.4.jar;C:\Users\arbenit\Desktop\Editer\Github\Discord-Bot\Discord_Bot\libs\httpmime-4.2.5.jar;C:\Users\arbenit\Desktop\Editer\Github\Discord-Bot\Discord_Bot\libs\javax.ws.rs-api-2.0.1.jar;C:\Users\arbenit\Desktop\Editer\Github\Discord-Bot\Discord_Bot\libs\json-simple-1.1.1.jar;C:\Users\arbenit\Desktop\Editer\Github\Discord-Bot\Discord_Bot\libs\gson-2.8.2-javadoc.jar;C:\Users\arbenit\Desktop\Editer\Github\Discord-Bot\Discord_Bot\libs\gson-2.8.2.jar
Launcher Type: SUN_STANDARD

Environment Variables:
CLASSPATH=CLASSPATH=C:\Program Files\Java\jdk1.8.0_11\bin;CLASSPATH=C:\Program Files\Java\jdk1.8.0_11\bin;CLASSPATH=C:\Program Files\Java\jdk1.8.0_11\bin;LASSPATH;;;
PATH=C:\Program Files\Java\jdk1.8.0_11\jre\bin;C:/Program Files/Java/jdk1.8.0_11/jre/bin/server;C:/Program Files/Java/jdk1.8.0_11/jre/bin;C:/Program Files/Java/jdk1.8.0_11/jre/lib/amd64;C:\Python27\Lib\site-packages\PyQt4;C:\ProgramData\Oracle\Java\javapath;C:\Program Files\Java\jdk1.8.0_11\bin;C:\WINDOWS\system32;C:\WINDOWS;C:\WINDOWS\System32\Wbem;C:\WINDOWS\System32\WindowsPowerShell\v1.0\;C:\Program Files (x86)\AMD\ATI.ACE\Core-Static;C:\Program Files (x86)\Skype\Phone\;C:\Python27;C:\Python27\DLLs;C:\Python27\Scripts;C:\Python27\gnuplot\binary;E:\C\pythonxy\SciTE-3.5.1-4;E:\C\pythonxy\console;C:\Users\arbenit\.dnx\bin;C:\Program Files\Microsoft DNX\Dnvm\;C:\Program Files (x86)\NVIDIA Corporation\PhysX\Common;C:\Program Files (x86)\GtkSharp\2.12\bin;C:\Program Files\Microsoft SQL Server\130\Tools\Binn\;C:\WINDOWS\system32;C:\WINDOWS;C:\WINDOWS\System32\Wbem;C:\WINDOWS\System32\WindowsPowerShell\v1.0\;C:\Program Files\Git\cmd;C:\Users\arbenit\AppData\Local\Microsoft\WindowsApps;C:\Users\arbenit\AppData\Local\GitHubDesktop\bin;C:\Users\arbenit\Desktop\Editer\Github\Discord-Bot\Discord_Bot\src;
USERNAME=arbenit
OS=Windows_NT
PROCESSOR_IDENTIFIER=AMD64 Family 21 Model 19 Stepping 1, AuthenticAMD



---------------  S Y S T E M  ---------------

OS: Windows 8.1 , 64 bit Build 9600 

CPU:total 4 (4 cores per cpu, 1 threads per core) family 21 model 19 stepping 1, cmov, cx8, fxsr, mmx, sse, sse2, sse3, ssse3, sse4.1, sse4.2, popcnt, avx, aes, clmul, mmxext, 3dnowpref, lzcnt, sse4a, tsc, tscinvbit

Memory: 4k page, physical 10425444k(2294316k free), swap 12645476k(1164k free)

vm_info: Java HotSpot(TM) 64-Bit Server VM (25.11-b03) for windows-amd64 JRE (1.8.0_11-b12), built on Jun 16 2014 20:57:32 by "java_re" with MS VC++ 10.0 (VS2010)

time: Fri Jan 26 18:40:56 2018
elapsed time: 0 seconds

